<?xml version="1.0" encoding="UTF-8"?>
<con:soapui-project id="aeba830a-3f52-4107-b11e-df8a47e80ff8" activeEnvironment="Default" name="test" resourceRoot="" soapui-version="5.6.0" xmlns:con="http://eviware.com/soapui/config"><con:settings/><con:interface xsi:type="con:WsdlInterface" id="73c037c8-3cdb-4acb-92f0-59e96a9bc022" wsaVersion="NONE" name="CowsPortSoap11" type="wsdl" bindingName="{http://www.isistan.edu.ar/springsoap/gen}CowsPortSoap11" soapVersion="1_1" anonymous="optional" definition="file:/C:/Users/Lautaro/Desktop/cows.wsdl.xml" xmlns:xsi="http://www.w3.org/2001/XMLSchema-instance"><con:settings/><con:definitionCache type="TEXT" rootPart="file:\C:\Users\Lautaro\Desktop\cows.wsdl.xml"><con:part><con:url>file:\C:\Users\Lautaro\Desktop\cows.wsdl.xml</con:url><con:content><![CDATA[<wsdl:definitions targetNamespace="http://www.isistan.edu.ar/springsoap/gen" xmlns:wsdl="http://schemas.xmlsoap.org/wsdl/" xmlns:sch="http://www.isistan.edu.ar/springsoap/gen" xmlns:soap="http://schemas.xmlsoap.org/wsdl/soap/" xmlns:tns="http://www.isistan.edu.ar/springsoap/gen">
  <wsdl:types>
    <xs:schema elementFormDefault="qualified" targetNamespace="http://www.isistan.edu.ar/springsoap/gen" xmlns:xs="http://www.w3.org/2001/XMLSchema">
      <xs:complexType name="Cow">
        <xs:sequence>
          <xs:element name="id" type="xs:int"/>
          <xs:element name="electronic_id" type="xs:int"/>
          <xs:element name="born_date" type="xs:date"/>
          <xs:element maxOccurs="1" minOccurs="0" name="last_due_date" type="xs:date"/>
          <xs:element name="number_of_deliveries" type="xs:int"/>
          <xs:element name="weight" type="xs:decimal"/>
        </xs:sequence>
      </xs:complexType>
      <xs:complexType name="Herd">
        <xs:sequence>
          <xs:element maxOccurs="unbounded" minOccurs="1" name="cows" type="tns:Cow"></xs:element>
          <xs:element name="location" type="xs:string"/>
        </xs:sequence>
      </xs:complexType>
      <xs:complexType name="CowBcs">
        <xs:sequence>
          <xs:element name="id" type="xs:int"/>
          <xs:element name="cow_id" type="xs:int"/>
          <xs:element name="fecha" type="xs:date"/>
          <xs:element name="cc" type="xs:string"/>
        </xs:sequence>
      </xs:complexType>
      <xs:attribute name="NewAttribute" type="xs:string"/>
      <xs:complexType name="AnimalAlert">
        <xs:sequence>
          <xs:element name="id" type="xs:int"/>
          <xs:element name="animal_id" type="xs:int"/>
          <xs:element name="bcs_threshold" type="xs:int"/>
        </xs:sequence>
      </xs:complexType>
      <xs:complexType name="HerdAlert">
        <xs:sequence>
          <xs:element name="id" type="xs:int"/>
          <xs:element name="herd_id" type="xs:int"/>
          <xs:element name="bcs_threshold" type="xs:int"/>
        </xs:sequence>
      </xs:complexType>
      <!--Response && Request-->
      <xs:element name="getHerdResponse">
        <xs:complexType>
          <xs:sequence>
            <xs:element name="herd" type="tns:Herd"/>
          </xs:sequence>
        </xs:complexType>
      </xs:element>
      <xs:element name="getHerdRequest">
        <xs:complexType>
          <xs:sequence>
            <xs:element name="id" type="xs:integer"/>
          </xs:sequence>
        </xs:complexType>
      </xs:element>
      <xs:element name="getCowResponse">
        <xs:complexType>
          <xs:sequence>
            <xs:element name="cow" type="tns:Cow"/>
          </xs:sequence>
        </xs:complexType>
      </xs:element>
      <xs:element name="getCowRequest">
        <xs:complexType>
          <xs:sequence>
            <xs:element name="id" type="xs:integer"/>
          </xs:sequence>
        </xs:complexType>
      </xs:element>
      <xs:element name="postAnimalRequest">
        <xs:complexType>
          <xs:sequence>
            <xs:element name="animal" type="tns:Cow"/>
          </xs:sequence>
        </xs:complexType>
      </xs:element>
      <xs:element name="postHerdRequest">
        <xs:complexType>
          <xs:sequence>
            <xs:element name="id" type="xs:integer"/>
            <xs:element name="location" type="xs:string"/>
          </xs:sequence>
        </xs:complexType>
      </xs:element>
      <xs:element name="Response">
        <xs:complexType>
          <xs:sequence>
            <xs:element name="code" type="xs:integer"/>
          </xs:sequence>
        </xs:complexType>
      </xs:element>
      <xs:element name="postCowToHerdRequest">
        <xs:complexType>
          <xs:sequence>
            <xs:element name="id_herd" type="xs:integer"/>
            <xs:element name="cow" type="tns:Cow"/>
          </xs:sequence>
        </xs:complexType>
      </xs:element>
      <xs:element name="associateCowToHerdRequest">
        <xs:complexType>
          <xs:sequence>
            <xs:element name="id_herd" type="xs:integer"/>
            <xs:element name="id_cow" type="xs:integer"/>
          </xs:sequence>
        </xs:complexType>
      </xs:element>
      <xs:element name="postAnimalAlertRequest">
        <xs:complexType>
          <xs:sequence>
            <xs:element name="id_animal" type="xs:integer"/>
            <xs:element name="bcs_threshold" type="xs:integer"/>
          </xs:sequence>
        </xs:complexType>
      </xs:element>
      <xs:element name="postHerdAlertRequest">
        <xs:complexType>
          <xs:sequence>
            <xs:element name="id_herd" type="xs:integer"/>
            <xs:element name="bcs_threshold" type="xs:integer"/>
          </xs:sequence>
        </xs:complexType>
      </xs:element>
      <xs:element name="addCowRequest">
        <xs:complexType>
          <xs:sequence>
            <xs:element name="cow" type="tns:Cow"/>
          </xs:sequence>
        </xs:complexType>
      </xs:element>
      <xs:element name="getAnimalAlertResponse">
        <xs:complexType>
          <xs:sequence>
            <xs:element maxOccurs="unbounded" minOccurs="1" name="alert" type="tns:AnimalAlert"/>
          </xs:sequence>
        </xs:complexType>
      </xs:element>
      <xs:element name="getAnimalAlertRequest">
        <xs:complexType>
          <xs:sequence></xs:sequence>
        </xs:complexType>
      </xs:element>
      <xs:element name="getHerdAlertResponse">
        <xs:complexType>
          <xs:sequence>
            <xs:element maxOccurs="unbounded" minOccurs="1" name="alert" type="tns:HerdAlert"/>
          </xs:sequence>
        </xs:complexType>
      </xs:element>
      <xs:element name="getHerdAlertRequest">
        <xs:complexType>
          <xs:sequence></xs:sequence>
        </xs:complexType>
      </xs:element>
    </xs:schema>
  </wsdl:types>
  <wsdl:message name="getHerdResponse">
    <wsdl:part element="tns:getHerdResponse" name="getHerdResponse"></wsdl:part>
  </wsdl:message>
  <wsdl:message name="addCowRequest">
    <wsdl:part element="tns:addCowRequest" name="addCowRequest"></wsdl:part>
  </wsdl:message>
  <wsdl:message name="getCowRequest">
    <wsdl:part element="tns:getCowRequest" name="getCowRequest"></wsdl:part>
  </wsdl:message>
  <wsdl:message name="postAnimalRequest">
    <wsdl:part element="tns:postAnimalRequest" name="postAnimalRequest"></wsdl:part>
  </wsdl:message>
  <wsdl:message name="associateCowToHerdRequest">
    <wsdl:part element="tns:associateCowToHerdRequest" name="associateCowToHerdRequest"></wsdl:part>
  </wsdl:message>
  <wsdl:message name="Response">
    <wsdl:part element="tns:Response" name="Response"></wsdl:part>
  </wsdl:message>
  <wsdl:message name="postHerdAlertRequest">
    <wsdl:part element="tns:postHerdAlertRequest" name="postHerdAlertRequest"></wsdl:part>
  </wsdl:message>
  <wsdl:message name="getCowResponse">
    <wsdl:part element="tns:getCowResponse" name="getCowResponse"></wsdl:part>
  </wsdl:message>
  <wsdl:message name="getAnimalAlertResponse">
    <wsdl:part element="tns:getAnimalAlertResponse" name="getAnimalAlertResponse"></wsdl:part>
  </wsdl:message>
  <wsdl:message name="getAnimalAlertRequest">
    <wsdl:part element="tns:getAnimalAlertRequest" name="getAnimalAlertRequest"></wsdl:part>
  </wsdl:message>
  <wsdl:message name="getHerdAlertRequest">
    <wsdl:part element="tns:getHerdAlertRequest" name="getHerdAlertRequest"></wsdl:part>
  </wsdl:message>
  <wsdl:message name="getHerdAlertResponse">
    <wsdl:part element="tns:getHerdAlertResponse" name="getHerdAlertResponse"></wsdl:part>
  </wsdl:message>
  <wsdl:message name="postAnimalAlertRequest">
    <wsdl:part element="tns:postAnimalAlertRequest" name="postAnimalAlertRequest"></wsdl:part>
  </wsdl:message>
  <wsdl:message name="postHerdRequest">
    <wsdl:part element="tns:postHerdRequest" name="postHerdRequest"></wsdl:part>
  </wsdl:message>
  <wsdl:message name="getHerdRequest">
    <wsdl:part element="tns:getHerdRequest" name="getHerdRequest"></wsdl:part>
  </wsdl:message>
  <wsdl:message name="postCowToHerdRequest">
    <wsdl:part element="tns:postCowToHerdRequest" name="postCowToHerdRequest"></wsdl:part>
  </wsdl:message>
  <wsdl:portType name="CowsPort">
    <wsdl:operation name="getHerd">
      <wsdl:input message="tns:getHerdRequest" name="getHerdRequest"></wsdl:input>
      <wsdl:output message="tns:getHerdResponse" name="getHerdResponse"></wsdl:output>
    </wsdl:operation>
    <wsdl:operation name="addCow">
      <wsdl:input message="tns:addCowRequest" name="addCowRequest"></wsdl:input>
    </wsdl:operation>
    <wsdl:operation name="getCow">
      <wsdl:input message="tns:getCowRequest" name="getCowRequest"></wsdl:input>
      <wsdl:output message="tns:getCowResponse" name="getCowResponse"></wsdl:output>
    </wsdl:operation>
    <wsdl:operation name="postAnimal">
      <wsdl:input message="tns:postAnimalRequest" name="postAnimalRequest"></wsdl:input>
    </wsdl:operation>
    <wsdl:operation name="associateCowToHerd">
      <wsdl:input message="tns:associateCowToHerdRequest" name="associateCowToHerdRequest"></wsdl:input>
    </wsdl:operation>
    <wsdl:operation name="postHerdAlert">
      <wsdl:input message="tns:postHerdAlertRequest" name="postHerdAlertRequest"></wsdl:input>
    </wsdl:operation>
    <wsdl:operation name="getAnimalAlert">
      <wsdl:input message="tns:getAnimalAlertRequest" name="getAnimalAlertRequest"></wsdl:input>
      <wsdl:output message="tns:getAnimalAlertResponse" name="getAnimalAlertResponse"></wsdl:output>
    </wsdl:operation>
    <wsdl:operation name="getHerdAlert">
      <wsdl:input message="tns:getHerdAlertRequest" name="getHerdAlertRequest"></wsdl:input>
      <wsdl:output message="tns:getHerdAlertResponse" name="getHerdAlertResponse"></wsdl:output>
    </wsdl:operation>
    <wsdl:operation name="postAnimalAlert">
      <wsdl:input message="tns:postAnimalAlertRequest" name="postAnimalAlertRequest"></wsdl:input>
    </wsdl:operation>
    <wsdl:operation name="postHerd">
      <wsdl:input message="tns:postHerdRequest" name="postHerdRequest"></wsdl:input>
    </wsdl:operation>
    <wsdl:operation name="postCowToHerd">
      <wsdl:input message="tns:postCowToHerdRequest" name="postCowToHerdRequest"></wsdl:input>
    </wsdl:operation>
  </wsdl:portType>
  <wsdl:binding name="CowsPortSoap11" type="tns:CowsPort">
    <soap:binding style="document" transport="http://schemas.xmlsoap.org/soap/http"/>
    <wsdl:operation name="getHerd">
      <soap:operation soapAction=""/>
      <wsdl:input name="getHerdRequest">
        <soap:body use="literal"/>
      </wsdl:input>
      <wsdl:output name="getHerdResponse">
        <soap:body use="literal"/>
      </wsdl:output>
    </wsdl:operation>
    <wsdl:operation name="addCow">
      <soap:operation soapAction=""/>
      <wsdl:input name="addCowRequest">
        <soap:body use="literal"/>
      </wsdl:input>
    </wsdl:operation>
    <wsdl:operation name="getCow">
      <soap:operation soapAction=""/>
      <wsdl:input name="getCowRequest">
        <soap:body use="literal"/>
      </wsdl:input>
      <wsdl:output name="getCowResponse">
        <soap:body use="literal"/>
      </wsdl:output>
    </wsdl:operation>
    <wsdl:operation name="postAnimal">
      <soap:operation soapAction=""/>
      <wsdl:input name="postAnimalRequest">
        <soap:body use="literal"/>
      </wsdl:input>
    </wsdl:operation>
    <wsdl:operation name="associateCowToHerd">
      <soap:operation soapAction=""/>
      <wsdl:input name="associateCowToHerdRequest">
        <soap:body use="literal"/>
      </wsdl:input>
    </wsdl:operation>
    <wsdl:operation name="postHerdAlert">
      <soap:operation soapAction=""/>
      <wsdl:input name="postHerdAlertRequest">
        <soap:body use="literal"/>
      </wsdl:input>
    </wsdl:operation>
    <wsdl:operation name="getAnimalAlert">
      <soap:operation soapAction=""/>
      <wsdl:input name="getAnimalAlertRequest">
        <soap:body use="literal"/>
      </wsdl:input>
      <wsdl:output name="getAnimalAlertResponse">
        <soap:body use="literal"/>
      </wsdl:output>
    </wsdl:operation>
    <wsdl:operation name="getHerdAlert">
      <soap:operation soapAction=""/>
      <wsdl:input name="getHerdAlertRequest">
        <soap:body use="literal"/>
      </wsdl:input>
      <wsdl:output name="getHerdAlertResponse">
        <soap:body use="literal"/>
      </wsdl:output>
    </wsdl:operation>
    <wsdl:operation name="postAnimalAlert">
      <soap:operation soapAction=""/>
      <wsdl:input name="postAnimalAlertRequest">
        <soap:body use="literal"/>
      </wsdl:input>
    </wsdl:operation>
    <wsdl:operation name="postHerd">
      <soap:operation soapAction=""/>
      <wsdl:input name="postHerdRequest">
        <soap:body use="literal"/>
      </wsdl:input>
    </wsdl:operation>
    <wsdl:operation name="postCowToHerd">
      <soap:operation soapAction=""/>
      <wsdl:input name="postCowToHerdRequest">
        <soap:body use="literal"/>
      </wsdl:input>
    </wsdl:operation>
  </wsdl:binding>
  <wsdl:service name="CowsPortService">
    <wsdl:port binding="tns:CowsPortSoap11" name="CowsPortSoap11">
      <soap:address location="http://localhost:8080/ws"/>
    </wsdl:port>
  </wsdl:service>
</wsdl:definitions>]]></con:content><con:type>http://schemas.xmlsoap.org/wsdl/</con:type></con:part></con:definitionCache><con:endpoints><con:endpoint>http://localhost:8080/ws</con:endpoint></con:endpoints><con:operation id="c3462473-26f4-4746-8d2d-8585ff9a4427" isOneWay="false" action="" name="addCow" bindingOperationName="addCow" type="One-Way" inputName="addCowRequest" sendsAttachments="false" anonymous="optional"><con:settings/><con:call id="62447749-7ef9-45ac-9480-ea55626f7213" name="Request 1"><con:settings/><con:encoding>UTF-8</con:encoding><con:endpoint>http://localhost:8080/ws</con:endpoint><con:request><![CDATA[<soapenv:Envelope xmlns:soapenv="http://schemas.xmlsoap.org/soap/envelope/" xmlns:gen="http://www.isistan.edu.ar/springsoap/gen">\r
   <soapenv:Header/>\r
   <soapenv:Body>\r
      <gen:addCowRequest>\r
         <gen:cow>\r
            <gen:id>?</gen:id>\r
            <gen:electronic_id>?</gen:electronic_id>\r
            <gen:born_date>?</gen:born_date>\r
            <!--Optional:-->\r
            <gen:last_due_date>?</gen:last_due_date>\r
            <gen:number_of_deliveries>?</gen:number_of_deliveries>\r
            <gen:weight>?</gen:weight>\r
         </gen:cow>\r
      </gen:addCowRequest>\r
   </soapenv:Body>\r
</soapenv:Envelope>]]></con:request><con:wsaConfig mustUnderstand="NONE" version="200508" action="http://www.isistan.edu.ar/springsoap/gen/CowsPort/addCowRequest"/></con:call></con:operation><con:operation id="68018428-974b-4d8c-941b-155d89800acc" isOneWay="false" action="" name="associateCowToHerd" bindingOperationName="associateCowToHerd" type="One-Way" inputName="associateCowToHerdRequest" sendsAttachments="false" anonymous="optional"><con:settings/><con:call id="e9468e85-d338-4bb0-b2e4-186f51b2b14a" name="Request 1"><con:settings/><con:encoding>UTF-8</con:encoding><con:endpoint>http://localhost:8080/ws</con:endpoint><con:request><![CDATA[<soapenv:Envelope xmlns:soapenv="http://schemas.xmlsoap.org/soap/envelope/" xmlns:gen="http://www.isistan.edu.ar/springsoap/gen">\r
   <soapenv:Header/>\r
   <soapenv:Body>\r
      <gen:associateCowToHerdRequest>\r
         <gen:id_herd>?</gen:id_herd>\r
         <gen:id_cow>?</gen:id_cow>\r
      </gen:associateCowToHerdRequest>\r
   </soapenv:Body>\r
</soapenv:Envelope>]]></con:request><con:wsaConfig mustUnderstand="NONE" version="200508" action="http://www.isistan.edu.ar/springsoap/gen/CowsPort/associateCowToHerdRequest"/></con:call></con:operation><con:operation id="927c3bd9-2b51-4630-b336-799296440a63" isOneWay="false" action="" name="getAnimalAlert" bindingOperationName="getAnimalAlert" type="Request-Response" outputName="getAnimalAlertResponse" inputName="getAnimalAlertRequest" receivesAttachments="false" sendsAttachments="false" anonymous="optional"><con:settings/><con:call id="94fb2cf9-5a9d-492f-8e30-5c92b02f469d" name="Request 1"><con:settings/><con:encoding>UTF-8</con:encoding><con:endpoint>http://localhost:8080/ws</con:endpoint><con:request><![CDATA[<soapenv:Envelope xmlns:soapenv="http://schemas.xmlsoap.org/soap/envelope/" xmlns:gen="http://www.isistan.edu.ar/springsoap/gen">\r
   <soapenv:Header/>\r
   <soapenv:Body>\r
      <gen:getAnimalAlertRequest/>\r
   </soapenv:Body>\r
</soapenv:Envelope>]]></con:request><con:wsaConfig mustUnderstand="NONE" version="200508" action="http://www.isistan.edu.ar/springsoap/gen/CowsPort/getAnimalAlertRequest"/></con:call></con:operation><con:operation id="c06cda6a-acc7-4ace-b8f2-cb699b69da62" isOneWay="false" action="" name="getCow" bindingOperationName="getCow" type="Request-Response" outputName="getCowResponse" inputName="getCowRequest" receivesAttachments="false" sendsAttachments="false" anonymous="optional"><con:settings/><con:call id="66a1da11-204c-48ee-acc3-9568b394c760" name="Request 1"><con:settings/><con:encoding>UTF-8</con:encoding><con:endpoint>http://localhost:8080/ws</con:endpoint><con:request><![CDATA[<soapenv:Envelope xmlns:soapenv="http://schemas.xmlsoap.org/soap/envelope/" xmlns:gen="http://www.isistan.edu.ar/springsoap/gen">\r
   <soapenv:Header/>\r
   <soapenv:Body>\r
      <gen:getCowRequest>\r
         <gen:id>?</gen:id>\r
      </gen:getCowRequest>\r
   </soapenv:Body>\r
</soapenv:Envelope>]]></con:request><con:wsaConfig mustUnderstand="NONE" version="200508" action="http://www.isistan.edu.ar/springsoap/gen/CowsPort/getCowRequest"/></con:call></con:operation><con:operation id="873cf65d-431f-4091-8f5b-1144d23ac481" isOneWay="false" action="" name="getHerd" bindingOperationName="getHerd" type="Request-Response" outputName="getHerdResponse" inputName="getHerdRequest" receivesAttachments="false" sendsAttachments="false" anonymous="optional"><con:settings/><con:call id="d7c89d94-5b19-4a0f-a5d9-1f96ee7c26e2" name="Request 1"><con:settings/><con:encoding>UTF-8</con:encoding><con:endpoint>http://localhost:8080/ws</con:endpoint><con:request><![CDATA[<soapenv:Envelope xmlns:soapenv="http://schemas.xmlsoap.org/soap/envelope/" xmlns:gen="http://www.isistan.edu.ar/springsoap/gen">\r
   <soapenv:Header/>\r
   <soapenv:Body>\r
      <gen:getHerdRequest>\r
         <gen:id>?</gen:id>\r
      </gen:getHerdRequest>\r
   </soapenv:Body>\r
</soapenv:Envelope>]]></con:request><con:wsaConfig mustUnderstand="NONE" version="200508" action="http://www.isistan.edu.ar/springsoap/gen/CowsPort/getHerdRequest"/></con:call></con:operation><con:operation id="57835620-76b6-4f2a-9f04-3d8a80f7a549" isOneWay="false" action="" name="getHerdAlert" bindingOperationName="getHerdAlert" type="Request-Response" outputName="getHerdAlertResponse" inputName="getHerdAlertRequest" receivesAttachments="false" sendsAttachments="false" anonymous="optional"><con:settings/><con:call id="086d1a71-c009-4873-8557-09086b6f4e7b" name="Request 1"><con:settings><con:setting id="com.eviware.soapui.impl.wsdl.WsdlRequest@request-headers">&lt;xml-fragment/></con:setting></con:settings><con:encoding>UTF-8</con:encoding><con:endpoint>http://localhost:8080/ws</con:endpoint><con:request><![CDATA[<soapenv:Envelope xmlns:soapenv="http://schemas.xmlsoap.org/soap/envelope/" xmlns:gen="http://www.isistan.edu.ar/springsoap/gen">\r
   <soapenv:Header/>\r
   <soapenv:Body>\r
      <gen:getHerdAlertRequest/>\r
   </soapenv:Body>\r
</soapenv:Envelope>]]></con:request><con:credentials><con:authType>No Authorization</con:authType></con:credentials><con:jmsConfig JMSDeliveryMode="PERSISTENT"/><con:jmsPropertyConfig/><con:wsaConfig mustUnderstand="NONE" version="200508" action="http://www.isistan.edu.ar/springsoap/gen/CowsPort/getHerdAlertRequest"/><con:wsrmConfig version="1.2"/></con:call></con:operation><con:operation id="7f83a8c8-1d75-46c6-a7b7-cc97aca9df4b" isOneWay="false" action="" name="postAnimal" bindingOperationName="postAnimal" type="One-Way" inputName="postAnimalRequest" sendsAttachments="false" anonymous="optional"><con:settings/><con:call id="663de0f3-20e8-409c-9d84-ee752a6e3587" name="Request 1"><con:settings/><con:encoding>UTF-8</con:encoding><con:endpoint>http://localhost:8080/ws</con:endpoint><con:request><![CDATA[<soapenv:Envelope xmlns:soapenv="http://schemas.xmlsoap.org/soap/envelope/" xmlns:gen="http://www.isistan.edu.ar/springsoap/gen">\r
   <soapenv:Header/>\r
   <soapenv:Body>\r
      <gen:postAnimalRequest>\r
         <gen:animal>\r
            <gen:id>?</gen:id>\r
            <gen:electronic_id>?</gen:electronic_id>\r
            <gen:born_date>?</gen:born_date>\r
            <!--Optional:-->\r
            <gen:last_due_date>?</gen:last_due_date>\r
            <gen:number_of_deliveries>?</gen:number_of_deliveries>\r
            <gen:weight>?</gen:weight>\r
         </gen:animal>\r
      </gen:postAnimalRequest>\r
   </soapenv:Body>\r
</soapenv:Envelope>]]></con:request><con:wsaConfig mustUnderstand="NONE" version="200508" action="http://www.isistan.edu.ar/springsoap/gen/CowsPort/postAnimalRequest"/></con:call></con:operation><con:operation id="75f87a65-e79a-43e1-9c41-527257527cb2" isOneWay="false" action="" name="postAnimalAlert" bindingOperationName="postAnimalAlert" type="One-Way" inputName="postAnimalAlertRequest" sendsAttachments="false" anonymous="optional"><con:settings/><con:call id="6f35b00b-de12-47cc-b0dd-b90ec4d63b0d" name="Request 1"><con:settings/><con:encoding>UTF-8</con:encoding><con:endpoint>http://localhost:8080/ws</con:endpoint><con:request><![CDATA[<soapenv:Envelope xmlns:soapenv="http://schemas.xmlsoap.org/soap/envelope/" xmlns:gen="http://www.isistan.edu.ar/springsoap/gen">\r
   <soapenv:Header/>\r
   <soapenv:Body>\r
      <gen:postAnimalAlertRequest>\r
         <gen:id_animal>?</gen:id_animal>\r
         <gen:bcs_threshold>?</gen:bcs_threshold>\r
      </gen:postAnimalAlertRequest>\r
   </soapenv:Body>\r
</soapenv:Envelope>]]></con:request><con:wsaConfig mustUnderstand="NONE" version="200508" action="http://www.isistan.edu.ar/springsoap/gen/CowsPort/postAnimalAlertRequest"/></con:call></con:operation><con:operation id="639fb93a-4f9e-4d3c-a5a9-8e3350a10080" isOneWay="false" action="" name="postCowToHerd" bindingOperationName="postCowToHerd" type="One-Way" inputName="postCowToHerdRequest" sendsAttachments="false" anonymous="optional"><con:settings/><con:call id="017feadc-48dd-4ceb-b846-862612e2c6b7" name="Request 1"><con:settings/><con:encoding>UTF-8</con:encoding><con:endpoint>http://localhost:8080/ws</con:endpoint><con:request><![CDATA[<soapenv:Envelope xmlns:soapenv="http://schemas.xmlsoap.org/soap/envelope/" xmlns:gen="http://www.isistan.edu.ar/springsoap/gen">\r
   <soapenv:Header/>\r
   <soapenv:Body>\r
      <gen:postCowToHerdRequest>\r
         <gen:id_herd>?</gen:id_herd>\r
         <gen:cow>\r
            <gen:id>?</gen:id>\r
            <gen:electronic_id>?</gen:electronic_id>\r
            <gen:born_date>?</gen:born_date>\r
            <!--Optional:-->\r
            <gen:last_due_date>?</gen:last_due_date>\r
            <gen:number_of_deliveries>?</gen:number_of_deliveries>\r
            <gen:weight>?</gen:weight>\r
         </gen:cow>\r
      </gen:postCowToHerdRequest>\r
   </soapenv:Body>\r
</soapenv:Envelope>]]></con:request><con:wsaConfig mustUnderstand="NONE" version="200508" action="http://www.isistan.edu.ar/springsoap/gen/CowsPort/postCowToHerdRequest"/></con:call></con:operation><con:operation id="e080ae7b-e5b2-4da0-9303-bf8e1c9bb16d" isOneWay="false" action="" name="postHerd" bindingOperationName="postHerd" type="One-Way" inputName="postHerdRequest" sendsAttachments="false" anonymous="optional"><con:settings/><con:call id="97c6ef76-b878-49c6-99ee-7458bd77814a" name="Request 1"><con:settings/><con:encoding>UTF-8</con:encoding><con:endpoint>http://localhost:8080/ws</con:endpoint><con:request><![CDATA[<soapenv:Envelope xmlns:soapenv="http://schemas.xmlsoap.org/soap/envelope/" xmlns:gen="http://www.isistan.edu.ar/springsoap/gen">\r
   <soapenv:Header/>\r
   <soapenv:Body>\r
      <gen:postHerdRequest>\r
         <gen:id>?</gen:id>\r
         <gen:location>?</gen:location>\r
      </gen:postHerdRequest>\r
   </soapenv:Body>\r
</soapenv:Envelope>]]></con:request><con:wsaConfig mustUnderstand="NONE" version="200508" action="http://www.isistan.edu.ar/springsoap/gen/CowsPort/postHerdRequest"/></con:call></con:operation><con:operation id="7b7d64e9-6d70-4728-a728-93ef1d33ceac" isOneWay="false" action="" name="postHerdAlert" bindingOperationName="postHerdAlert" type="One-Way" inputName="postHerdAlertRequest" sendsAttachments="false" anonymous="optional"><con:settings/><con:call id="226784b5-4784-4765-a4ad-03a8427aaa03" name="Request 1"><con:settings><con:setting id="com.eviware.soapui.impl.wsdl.WsdlRequest@request-headers">&lt;xml-fragment/></con:setting></con:settings><con:encoding>UTF-8</con:encoding><con:endpoint>http://localhost:8080/ws</con:endpoint><con:request><![CDATA[<soapenv:Envelope xmlns:soapenv="http://schemas.xmlsoap.org/soap/envelope/" xmlns:gen="http://www.isistan.edu.ar/springsoap/gen">\r
   <soapenv:Header/>\r
   <soapenv:Body>\r
      <gen:postHerdAlertRequest>\r
         <gen:id_herd>0</gen:id_herd>\r
         <gen:bcs_threshold>41</gen:bcs_threshold>\r
      </gen:postHerdAlertRequest>\r
   </soapenv:Body>\r
</soapenv:Envelope>]]></con:request><con:credentials><con:authType>No Authorization</con:authType></con:credentials><con:jmsConfig JMSDeliveryMode="PERSISTENT"/><con:jmsPropertyConfig/><con:wsaConfig mustUnderstand="NONE" version="200508" action="http://www.isistan.edu.ar/springsoap/gen/CowsPort/postHerdAlertRequest"/><con:wsrmConfig version="1.2"/></con:call></con:operation></con:interface><con:properties/><con:wssContainer/><con:oAuth2ProfileContainer/><con:oAuth1ProfileContainer/><con:sensitiveInformation/></con:soapui-project>