<?xml version="1.0" encoding="UTF-8"?>
<con:soapui-project id="a38c5bdc-dea8-4a05-b529-f2debe408922" activeEnvironment="Default" name="test" resourceRoot="${projectDir}" soapui-version="5.6.0" abortOnError="false" runType="SEQUENTIAL" xmlns:con="http://eviware.com/soapui/config"><con:settings/><con:interface xsi:type="con:WsdlInterface" id="85c03da2-a14b-4707-b945-aa197c450aee" wsaVersion="NONE" name="CowsPortSoap11" type="wsdl" bindingName="{http://www.isistan.edu.ar/springsoap/gen}CowsPortSoap11" soapVersion="1_1" anonymous="optional" definition="file:/C:/Users/Lautaro/Desktop/cows.wsdl.xml" xmlns:xsi="http://www.w3.org/2001/XMLSchema-instance"><con:settings/><con:definitionCache type="TEXT" rootPart="file:\C:\Users\Lautaro\Desktop\cows.wsdl.xml"><con:part><con:url>file:\C:\Users\Lautaro\Desktop\cows.wsdl.xml</con:url><con:content><![CDATA[<wsdl:definitions targetNamespace="http://www.isistan.edu.ar/springsoap/gen" xmlns:wsdl="http://schemas.xmlsoap.org/wsdl/" xmlns:sch="http://www.isistan.edu.ar/springsoap/gen" xmlns:soap="http://schemas.xmlsoap.org/wsdl/soap/" xmlns:tns="http://www.isistan.edu.ar/springsoap/gen">
  <wsdl:types>
    <xs:schema elementFormDefault="qualified" targetNamespace="http://www.isistan.edu.ar/springsoap/gen" xmlns:xs="http://www.w3.org/2001/XMLSchema">
      <!--°°°°°°°°°°°°°°°°°°°°°°°°°°°°°°°°°°°°°°°°°°°°°°°°°°°°°°°°°°°°°°°°°°°°°°-->
      <!--°°°°°°°°°°°°°°°°°°°°       Output     °°°°°°°°°°°°°°°°°°°°°°°°°°°°°°°°-->
      <!--°°°°°°°°°°°°°°°°°°°°°°°°°°°°°°°°°°°°°°°°°°°°°°°°°°°°°°°°°°°°°°°°°°°°°°-->
      <xs:complexType name="Cow_output">
        <xs:sequence>
          <xs:element name="id" type="xs:long"/>
          <xs:element name="herd_id" type="xs:long"/>
          <xs:element name="electronic_id" type="xs:int"/>
          <xs:element name="born_date" type="xs:date"/>
          <xs:element maxOccurs="1" minOccurs="0" name="last_due_date" type="xs:date"/>
          <xs:element name="number_of_deliveries" type="xs:int"/>
          <xs:element name="weight" type="xs:decimal"/>
          <xs:element maxOccurs="1" minOccurs="0" name="last_bcs" type="tns:CowBcs_output"/>
        </xs:sequence>
      </xs:complexType>
      <xs:complexType name="Herd_output">
        <xs:sequence>
          <xs:element name="id" type="xs:long"/>
          <xs:element name="location" type="xs:string"/>
          <xs:element name="average_bcs" type="xs:float"/>
          <xs:element maxOccurs="unbounded" minOccurs="1" name="cows" type="tns:Cow_output"/>
        </xs:sequence>
      </xs:complexType>
      <xs:complexType name="CowBcs_output">
        <xs:sequence>
          <xs:element name="id" type="xs:long"/>
          <xs:element name="cow_id" type="xs:int"/>
          <xs:element name="date" type="xs:date"/>
          <xs:element name="cc" type="xs:int"/>
        </xs:sequence>
      </xs:complexType>
      <xs:complexType name="CowAlert_output">
        <xs:sequence>
          <xs:element name="id" type="xs:long"/>
          <xs:element name="cow_id" type="xs:int"/>
          <xs:element name="bcs_threshold_min" type="xs:int"/>
          <xs:element name="bcs_threshold_max" type="xs:int"/>
        </xs:sequence>
      </xs:complexType>
      <xs:complexType name="HerdAlert_output">
        <xs:sequence>
          <xs:element name="id" type="xs:long"/>
          <xs:element name="herd_id" type="xs:int"/>
          <xs:element name="bcs_threshold_min" type="xs:int"/>
          <xs:element name="bcs_threshold_max" type="xs:int"/>
        </xs:sequence>
      </xs:complexType>
      <!--°°°°°°°°°°°°°°°°°°°°°°°°°°°°°°°°°°°°°°°°°°°°°°°°°°°°°°°°°°°°°°°°°°°°°°-->
      <!--°°°°°°°°°°°°°°°°°°°°       Inputs     °°°°°°°°°°°°°°°°°°°°°°°°°°°°°°°°-->
      <!--°°°°°°°°°°°°°°°°°°°°°°°°°°°°°°°°°°°°°°°°°°°°°°°°°°°°°°°°°°°°°°°°°°°°°°-->
      <xs:complexType name="Cow_input">
        <xs:sequence>
          <xs:element name="herd_id" type="xs:long"/>
          <xs:element name="electronic_id" type="xs:int"/>
          <xs:element name="born_date" type="xs:date"/>
          <xs:element maxOccurs="1" minOccurs="0" name="last_due_date" type="xs:date"/>
          <xs:element name="number_of_deliveries" type="xs:int"/>
          <xs:element name="weight" type="xs:decimal"/>
        </xs:sequence>
      </xs:complexType>
      <xs:complexType name="Herd_input">
        <xs:sequence>
          <xs:element name="location" type="xs:string"/>
        </xs:sequence>
      </xs:complexType>
      <xs:complexType name="CowBcs_input">
        <xs:sequence>
          <xs:element name="cow_id" type="xs:long"/>
          <xs:element name="cc" type="xs:int"/>
        </xs:sequence>
      </xs:complexType>
      <xs:complexType name="CowAlert_input">
        <xs:sequence>
          <xs:element name="cow_id" type="xs:long"/>
          <xs:element name="bcs_threshold_min" type="xs:int"/>
          <xs:element name="bcs_threshold_max" type="xs:int"/>
        </xs:sequence>
      </xs:complexType>
      <xs:complexType name="HerdAlert_input">
        <xs:sequence>
          <xs:element name="herd_id" type="xs:long"/>
          <xs:element name="bcs_threshold_min" type="xs:int"/>
          <xs:element name="bcs_threshold_max" type="xs:int"/>
        </xs:sequence>
      </xs:complexType>
      <!--°°°°°°°°°°°°°°°°°°°°°°°°°°°°°°°°°°°°°°°°°°°°°°°°°°°°°°°°°°°°°°°°°°°°°°-->
      <!--°°°°°°°°°°°°°°°°°°°°       Response && Request      °°°°°°°°°°°°°°°°°°-->
      <!--°°°°°°°°°°°°°°°°°°°°°°°°°°°°°°°°°°°°°°°°°°°°°°°°°°°°°°°°°°°°°°°°°°°°°°-->
      <xs:element name="Response">
        <xs:complexType>
          <xs:sequence>
            <xs:element name="code" type="xs:integer"/>
            <xs:element name="msg" type="xs:string"/>
          </xs:sequence>
        </xs:complexType>
      </xs:element>
      <!--°°°°°°°°°°°°°°°°°°°°       @Post      °°°°°°°°°°°°°°°°°°-->
      <xs:element name="postCowRequest">
        <xs:complexType>
          <xs:sequence>
            <xs:element name="cow" type="tns:Cow_input"/>
          </xs:sequence>
        </xs:complexType>
      </xs:element>
      <xs:element name="postHerdRequest">
        <xs:complexType>
          <xs:sequence>
            <xs:element name="herd" type="tns:Herd_input"/>
          </xs:sequence>
        </xs:complexType>
      </xs:element>
      <xs:element name="postCowBcsRequest">
        <xs:complexType>
          <xs:sequence>
            <xs:element name="herd" type="tns:CowBcs_input"/>
          </xs:sequence>
        </xs:complexType>
      </xs:element>
      <xs:element name="postCowAlertRequest">
        <xs:complexType>
          <xs:sequence>
            <xs:element name="alert" type="tns:CowAlert_input"/>
          </xs:sequence>
        </xs:complexType>
      </xs:element>
      <xs:element name="postHerdAlertRequest">
        <xs:complexType>
          <xs:sequence>
            <xs:element name="alert" type="tns:HerdAlert_input"/>
          </xs:sequence>
        </xs:complexType>
      </xs:element>
      <!--°°°°°°°°°°°°°°°°°°°°       @Get      °°°°°°°°°°°°°°°°°°-->
      <!--Cow-->
      <xs:element name="getCowRequest">
        <xs:complexType>
          <xs:sequence>
            <xs:element name="id" type="xs:long"/>
          </xs:sequence>
        </xs:complexType>
      </xs:element>
      <xs:element name="getCowResponse">
        <xs:complexType>
          <xs:sequence>
            <xs:element name="cow" type="tns:Cow_output"/>
          </xs:sequence>
        </xs:complexType>
      </xs:element>
      <!--Herd-->
      <xs:element name="getHerdRequest">
        <xs:complexType>
          <xs:sequence>
            <xs:element name="id" type="xs:long"/>
          </xs:sequence>
        </xs:complexType>
      </xs:element>
      <xs:element name="getHerdResponse">
        <xs:complexType>
          <xs:sequence>
            <xs:element name="herd" type="tns:Herd_output"/>
          </xs:sequence>
        </xs:complexType>
      </xs:element>
      <!--All Cows-->
      <xs:element name="getAllHerdsRequest">
        <xs:complexType>
          <xs:sequence></xs:sequence>
        </xs:complexType>
      </xs:element>
      <xs:element name="getAllHerdsResponse">
        <xs:complexType>
          <xs:sequence>
            <xs:element maxOccurs="unbounded" minOccurs="0" name="herds" type="tns:Herd_output"/>
          </xs:sequence>
        </xs:complexType>
      </xs:element>
      <!--All Cow Alerts-->
      <xs:element name="getAllCowAlertsRequest">
        <xs:complexType>
          <xs:sequence></xs:sequence>
        </xs:complexType>
      </xs:element>
      <xs:element name="getAllCowAlertsResponse">
        <xs:complexType>
          <xs:sequence>
            <xs:element maxOccurs="unbounded" minOccurs="0" name="alerts" type="tns:CowAlert_output"/>
          </xs:sequence>
        </xs:complexType>
      </xs:element>
      <!--All Herd Alerts-->
      <xs:element name="getAllHerdAlertsRequest">
        <xs:complexType>
          <xs:sequence></xs:sequence>
        </xs:complexType>
      </xs:element>
      <xs:element name="getAllHerdAlertsResponse">
        <xs:complexType>
          <xs:sequence>
            <xs:element maxOccurs="unbounded" minOccurs="0" name="alerts" type="tns:HerdAlert_output"/>
          </xs:sequence>
        </xs:complexType>
      </xs:element>
    </xs:schema>
  </wsdl:types>
  <wsdl:message name="postCowRequest">
    <wsdl:part element="tns:postCowRequest" name="postCowRequest"></wsdl:part>
  </wsdl:message>
  <wsdl:message name="getAllHerdsRequest">
    <wsdl:part element="tns:getAllHerdsRequest" name="getAllHerdsRequest"></wsdl:part>
  </wsdl:message>
  <wsdl:message name="getHerdResponse">
    <wsdl:part element="tns:getHerdResponse" name="getHerdResponse"></wsdl:part>
  </wsdl:message>
  <wsdl:message name="postCowBcsRequest">
    <wsdl:part element="tns:postCowBcsRequest" name="postCowBcsRequest"></wsdl:part>
  </wsdl:message>
  <wsdl:message name="getCowRequest">
    <wsdl:part element="tns:getCowRequest" name="getCowRequest"></wsdl:part>
  </wsdl:message>
  <wsdl:message name="getAllHerdsResponse">
    <wsdl:part element="tns:getAllHerdsResponse" name="getAllHerdsResponse"></wsdl:part>
  </wsdl:message>
  <wsdl:message name="Response">
    <wsdl:part element="tns:Response" name="Response"></wsdl:part>
  </wsdl:message>
  <wsdl:message name="postHerdAlertRequest">
    <wsdl:part element="tns:postHerdAlertRequest" name="postHerdAlertRequest"></wsdl:part>
  </wsdl:message>
  <wsdl:message name="getCowResponse">
    <wsdl:part element="tns:getCowResponse" name="getCowResponse"></wsdl:part>
  </wsdl:message>
  <wsdl:message name="postCowAlertRequest">
    <wsdl:part element="tns:postCowAlertRequest" name="postCowAlertRequest"></wsdl:part>
  </wsdl:message>
  <wsdl:message name="getAllHerdAlertsRequest">
    <wsdl:part element="tns:getAllHerdAlertsRequest" name="getAllHerdAlertsRequest"></wsdl:part>
  </wsdl:message>
  <wsdl:message name="getAllCowAlertsRequest">
    <wsdl:part element="tns:getAllCowAlertsRequest" name="getAllCowAlertsRequest"></wsdl:part>
  </wsdl:message>
  <wsdl:message name="getAllHerdAlertsResponse">
    <wsdl:part element="tns:getAllHerdAlertsResponse" name="getAllHerdAlertsResponse"></wsdl:part>
  </wsdl:message>
  <wsdl:message name="getAllCowAlertsResponse">
    <wsdl:part element="tns:getAllCowAlertsResponse" name="getAllCowAlertsResponse"></wsdl:part>
  </wsdl:message>
  <wsdl:message name="postHerdRequest">
    <wsdl:part element="tns:postHerdRequest" name="postHerdRequest"></wsdl:part>
  </wsdl:message>
  <wsdl:message name="getHerdRequest">
    <wsdl:part element="tns:getHerdRequest" name="getHerdRequest"></wsdl:part>
  </wsdl:message>
  <wsdl:portType name="CowsPort">
    <wsdl:operation name="postCow">
      <wsdl:input message="tns:postCowRequest" name="postCowRequest"></wsdl:input>
    </wsdl:operation>
    <wsdl:operation name="getAllHerds">
      <wsdl:input message="tns:getAllHerdsRequest" name="getAllHerdsRequest"></wsdl:input>
      <wsdl:output message="tns:getAllHerdsResponse" name="getAllHerdsResponse"></wsdl:output>
    </wsdl:operation>
    <wsdl:operation name="getHerd">
      <wsdl:input message="tns:getHerdRequest" name="getHerdRequest"></wsdl:input>
      <wsdl:output message="tns:getHerdResponse" name="getHerdResponse"></wsdl:output>
    </wsdl:operation>
    <wsdl:operation name="postCowBcs">
      <wsdl:input message="tns:postCowBcsRequest" name="postCowBcsRequest"></wsdl:input>
    </wsdl:operation>
    <wsdl:operation name="getCow">
      <wsdl:input message="tns:getCowRequest" name="getCowRequest"></wsdl:input>
      <wsdl:output message="tns:getCowResponse" name="getCowResponse"></wsdl:output>
    </wsdl:operation>
    <wsdl:operation name="postHerdAlert">
      <wsdl:input message="tns:postHerdAlertRequest" name="postHerdAlertRequest"></wsdl:input>
    </wsdl:operation>
    <wsdl:operation name="postCowAlert">
      <wsdl:input message="tns:postCowAlertRequest" name="postCowAlertRequest"></wsdl:input>
    </wsdl:operation>
    <wsdl:operation name="getAllHerdAlerts">
      <wsdl:input message="tns:getAllHerdAlertsRequest" name="getAllHerdAlertsRequest"></wsdl:input>
      <wsdl:output message="tns:getAllHerdAlertsResponse" name="getAllHerdAlertsResponse"></wsdl:output>
    </wsdl:operation>
    <wsdl:operation name="getAllCowAlerts">
      <wsdl:input message="tns:getAllCowAlertsRequest" name="getAllCowAlertsRequest"></wsdl:input>
      <wsdl:output message="tns:getAllCowAlertsResponse" name="getAllCowAlertsResponse"></wsdl:output>
    </wsdl:operation>
    <wsdl:operation name="postHerd">
      <wsdl:input message="tns:postHerdRequest" name="postHerdRequest"></wsdl:input>
    </wsdl:operation>
  </wsdl:portType>
  <wsdl:binding name="CowsPortSoap11" type="tns:CowsPort">
    <soap:binding style="document" transport="http://schemas.xmlsoap.org/soap/http"/>
    <wsdl:operation name="postCow">
      <soap:operation soapAction=""/>
      <wsdl:input name="postCowRequest">
        <soap:body use="literal"/>
      </wsdl:input>
    </wsdl:operation>
    <wsdl:operation name="getAllHerds">
      <soap:operation soapAction=""/>
      <wsdl:input name="getAllHerdsRequest">
        <soap:body use="literal"/>
      </wsdl:input>
      <wsdl:output name="getAllHerdsResponse">
        <soap:body use="literal"/>
      </wsdl:output>
    </wsdl:operation>
    <wsdl:operation name="getHerd">
      <soap:operation soapAction=""/>
      <wsdl:input name="getHerdRequest">
        <soap:body use="literal"/>
      </wsdl:input>
      <wsdl:output name="getHerdResponse">
        <soap:body use="literal"/>
      </wsdl:output>
    </wsdl:operation>
    <wsdl:operation name="postCowBcs">
      <soap:operation soapAction=""/>
      <wsdl:input name="postCowBcsRequest">
        <soap:body use="literal"/>
      </wsdl:input>
    </wsdl:operation>
    <wsdl:operation name="getCow">
      <soap:operation soapAction=""/>
      <wsdl:input name="getCowRequest">
        <soap:body use="literal"/>
      </wsdl:input>
      <wsdl:output name="getCowResponse">
        <soap:body use="literal"/>
      </wsdl:output>
    </wsdl:operation>
    <wsdl:operation name="postHerdAlert">
      <soap:operation soapAction=""/>
      <wsdl:input name="postHerdAlertRequest">
        <soap:body use="literal"/>
      </wsdl:input>
    </wsdl:operation>
    <wsdl:operation name="postCowAlert">
      <soap:operation soapAction=""/>
      <wsdl:input name="postCowAlertRequest">
        <soap:body use="literal"/>
      </wsdl:input>
    </wsdl:operation>
    <wsdl:operation name="getAllHerdAlerts">
      <soap:operation soapAction=""/>
      <wsdl:input name="getAllHerdAlertsRequest">
        <soap:body use="literal"/>
      </wsdl:input>
      <wsdl:output name="getAllHerdAlertsResponse">
        <soap:body use="literal"/>
      </wsdl:output>
    </wsdl:operation>
    <wsdl:operation name="getAllCowAlerts">
      <soap:operation soapAction=""/>
      <wsdl:input name="getAllCowAlertsRequest">
        <soap:body use="literal"/>
      </wsdl:input>
      <wsdl:output name="getAllCowAlertsResponse">
        <soap:body use="literal"/>
      </wsdl:output>
    </wsdl:operation>
    <wsdl:operation name="postHerd">
      <soap:operation soapAction=""/>
      <wsdl:input name="postHerdRequest">
        <soap:body use="literal"/>
      </wsdl:input>
    </wsdl:operation>
  </wsdl:binding>
  <wsdl:service name="CowsPortService">
    <wsdl:port binding="tns:CowsPortSoap11" name="CowsPortSoap11">
      <soap:address location="http://localhost:8080/ws"/>
    </wsdl:port>
  </wsdl:service>
</wsdl:definitions>]]></con:content><con:type>http://schemas.xmlsoap.org/wsdl/</con:type></con:part></con:definitionCache><con:endpoints><con:endpoint>http://localhost:8080/ws</con:endpoint></con:endpoints><con:operation id="70736021-1c4b-489c-976c-bd0039ab3041" isOneWay="false" action="" name="getAllCowAlerts" bindingOperationName="getAllCowAlerts" type="Request-Response" outputName="getAllCowAlertsResponse" inputName="getAllCowAlertsRequest" receivesAttachments="false" sendsAttachments="false" anonymous="optional"><con:settings/><con:call id="c5046c11-8931-49f3-ae97-57272fc9e741" name="Request 1"><con:settings><con:setting id="com.eviware.soapui.impl.wsdl.WsdlRequest@request-headers">&lt;xml-fragment/></con:setting></con:settings><con:encoding>UTF-8</con:encoding><con:endpoint>http://localhost:8080/ws</con:endpoint><con:request><![CDATA[<soapenv:Envelope xmlns:soapenv="http://schemas.xmlsoap.org/soap/envelope/" xmlns:gen="http://www.isistan.edu.ar/springsoap/gen">\r
   <soapenv:Header/>\r
   <soapenv:Body>\r
      <gen:getAllCowAlertsRequest/>\r
   </soapenv:Body>\r
</soapenv:Envelope>]]></con:request><con:credentials><con:authType>No Authorization</con:authType></con:credentials><con:jmsConfig JMSDeliveryMode="PERSISTENT"/><con:jmsPropertyConfig/><con:wsaConfig mustUnderstand="NONE" version="200508" action="http://www.isistan.edu.ar/springsoap/gen/CowsPort/getAllCowAlertsRequest"/><con:wsrmConfig version="1.2"/></con:call></con:operation><con:operation id="7bb8898e-d6eb-4bad-ab1e-511234152377" isOneWay="false" action="" name="getAllHerdAlerts" bindingOperationName="getAllHerdAlerts" type="Request-Response" outputName="getAllHerdAlertsResponse" inputName="getAllHerdAlertsRequest" receivesAttachments="false" sendsAttachments="false" anonymous="optional"><con:settings/><con:call id="1fa56b8e-7af7-4ad5-8b91-423ec6b8489c" name="Request 1"><con:settings><con:setting id="com.eviware.soapui.impl.wsdl.WsdlRequest@request-headers">&lt;xml-fragment/></con:setting></con:settings><con:encoding>UTF-8</con:encoding><con:endpoint>http://localhost:8080/ws</con:endpoint><con:request><![CDATA[<soapenv:Envelope xmlns:soapenv="http://schemas.xmlsoap.org/soap/envelope/" xmlns:gen="http://www.isistan.edu.ar/springsoap/gen">\r
   <soapenv:Header/>\r
   <soapenv:Body>\r
      <gen:getAllHerdAlertsRequest/>\r
   </soapenv:Body>\r
</soapenv:Envelope>]]></con:request><con:credentials><con:authType>No Authorization</con:authType></con:credentials><con:jmsConfig JMSDeliveryMode="PERSISTENT"/><con:jmsPropertyConfig/><con:wsaConfig mustUnderstand="NONE" version="200508" action="http://www.isistan.edu.ar/springsoap/gen/CowsPort/getAllHerdAlertsRequest"/><con:wsrmConfig version="1.2"/></con:call></con:operation><con:operation id="691f7bc8-6430-4adb-af37-a07b5dbe2efd" isOneWay="false" action="" name="getAllHerds" bindingOperationName="getAllHerds" type="Request-Response" outputName="getAllHerdsResponse" inputName="getAllHerdsRequest" receivesAttachments="false" sendsAttachments="false" anonymous="optional"><con:settings/><con:call id="fc9a56a2-451e-4099-a079-7e4040420843" name="Request 1"><con:settings><con:setting id="com.eviware.soapui.impl.wsdl.WsdlRequest@request-headers">&lt;xml-fragment/></con:setting></con:settings><con:encoding>UTF-8</con:encoding><con:endpoint>http://localhost:8080/ws</con:endpoint><con:request><![CDATA[<soapenv:Envelope xmlns:soapenv="http://schemas.xmlsoap.org/soap/envelope/" xmlns:gen="http://www.isistan.edu.ar/springsoap/gen">\r
   <soapenv:Header/>\r
   <soapenv:Body>\r
      <gen:getAllHerdsRequest/>\r
   </soapenv:Body>\r
</soapenv:Envelope>]]></con:request><con:credentials><con:authType>No Authorization</con:authType></con:credentials><con:jmsConfig JMSDeliveryMode="PERSISTENT"/><con:jmsPropertyConfig/><con:wsaConfig mustUnderstand="NONE" version="200508" action="http://www.isistan.edu.ar/springsoap/gen/CowsPort/getAllHerdsRequest"/><con:wsrmConfig version="1.2"/></con:call></con:operation><con:operation id="f657a140-95ee-4e11-aaf3-5761c7c03a9c" isOneWay="false" action="" name="getCow" bindingOperationName="getCow" type="Request-Response" outputName="getCowResponse" inputName="getCowRequest" receivesAttachments="false" sendsAttachments="false" anonymous="optional"><con:settings/><con:call id="0abe04db-0552-41d1-8d65-4625ae1f2f25" name="Request 1"><con:settings><con:setting id="com.eviware.soapui.impl.wsdl.WsdlRequest@request-headers">&lt;xml-fragment/></con:setting></con:settings><con:encoding>UTF-8</con:encoding><con:endpoint>http://localhost:8080/ws</con:endpoint><con:request><![CDATA[<soapenv:Envelope xmlns:soapenv="http://schemas.xmlsoap.org/soap/envelope/" xmlns:gen="http://www.isistan.edu.ar/springsoap/gen">\r
   <soapenv:Header/>\r
   <soapenv:Body>\r
      <gen:getCowRequest>\r
         <gen:id>2</gen:id>\r
      </gen:getCowRequest>\r
   </soapenv:Body>\r
</soapenv:Envelope>]]></con:request><con:credentials><con:authType>No Authorization</con:authType></con:credentials><con:jmsConfig JMSDeliveryMode="PERSISTENT"/><con:jmsPropertyConfig/><con:wsaConfig mustUnderstand="NONE" version="200508" action="http://www.isistan.edu.ar/springsoap/gen/CowsPort/getCowRequest"/><con:wsrmConfig version="1.2"/></con:call></con:operation><con:operation id="78872a6c-c276-41f7-8349-6465bced90fd" isOneWay="false" action="" name="getHerd" bindingOperationName="getHerd" type="Request-Response" outputName="getHerdResponse" inputName="getHerdRequest" receivesAttachments="false" sendsAttachments="false" anonymous="optional"><con:settings/><con:call id="63cfee2e-fd55-4f8a-87b3-f933150febc3" name="Request 1"><con:settings><con:setting id="com.eviware.soapui.impl.wsdl.WsdlRequest@request-headers">&lt;xml-fragment/></con:setting></con:settings><con:encoding>UTF-8</con:encoding><con:endpoint>http://localhost:8080/ws</con:endpoint><con:request><![CDATA[<soapenv:Envelope xmlns:soapenv="http://schemas.xmlsoap.org/soap/envelope/" xmlns:gen="http://www.isistan.edu.ar/springsoap/gen">\r
   <soapenv:Header/>\r
   <soapenv:Body>\r
      <gen:getHerdRequest>\r
         <gen:id>1</gen:id>\r
      </gen:getHerdRequest>\r
   </soapenv:Body>\r
</soapenv:Envelope>]]></con:request><con:credentials><con:authType>No Authorization</con:authType></con:credentials><con:jmsConfig JMSDeliveryMode="PERSISTENT"/><con:jmsPropertyConfig/><con:wsaConfig mustUnderstand="NONE" version="200508" action="http://www.isistan.edu.ar/springsoap/gen/CowsPort/getHerdRequest"/><con:wsrmConfig version="1.2"/></con:call></con:operation><con:operation id="a27b9e2e-6f57-4829-aec8-064b6a51a337" isOneWay="false" action="" name="postCow" bindingOperationName="postCow" type="One-Way" inputName="postCowRequest" sendsAttachments="false" anonymous="optional"><con:settings/><con:call id="dbbe1e50-0160-4fc5-b2ce-c30947a66688" name="Request 1"><con:settings><con:setting id="com.eviware.soapui.impl.wsdl.WsdlRequest@request-headers">&lt;xml-fragment/></con:setting></con:settings><con:encoding>UTF-8</con:encoding><con:endpoint>http://localhost:8080/ws</con:endpoint><con:request><![CDATA[<soapenv:Envelope xmlns:soapenv="http://schemas.xmlsoap.org/soap/envelope/" xmlns:gen="http://www.isistan.edu.ar/springsoap/gen">\r
   <soapenv:Header/>\r
   <soapenv:Body>\r
      <gen:postCowRequest>\r
         <gen:cow>\r
            <gen:herd_id>1</gen:herd_id>\r
            <gen:electronic_id>1</gen:electronic_id>\r
            <gen:born_date>2021-04-01-03:00</gen:born_date>\r
            <!--Optional:-->\r
            <gen:last_due_date>2021-04-01-03:00</gen:last_due_date>\r
            <gen:number_of_deliveries>2</gen:number_of_deliveries>\r
            <gen:weight>120</gen:weight>\r
         </gen:cow>\r
      </gen:postCowRequest>\r
   </soapenv:Body>\r
</soapenv:Envelope>]]></con:request><con:credentials><con:authType>No Authorization</con:authType></con:credentials><con:jmsConfig JMSDeliveryMode="PERSISTENT"/><con:jmsPropertyConfig/><con:wsaConfig mustUnderstand="NONE" version="200508" action="http://www.isistan.edu.ar/springsoap/gen/CowsPort/postCowRequest"/><con:wsrmConfig version="1.2"/></con:call></con:operation><con:operation id="c9013d73-a2d6-4907-87b0-b32666e1d83c" isOneWay="false" action="" name="postCowAlert" bindingOperationName="postCowAlert" type="One-Way" inputName="postCowAlertRequest" sendsAttachments="false" anonymous="optional"><con:settings/><con:call id="6991e3ba-3971-4588-8610-5956222360a7" name="Request 1"><con:settings><con:setting id="com.eviware.soapui.impl.wsdl.WsdlRequest@request-headers">&lt;xml-fragment/></con:setting></con:settings><con:encoding>UTF-8</con:encoding><con:endpoint>http://localhost:8080/ws</con:endpoint><con:request><![CDATA[<soapenv:Envelope xmlns:soapenv="http://schemas.xmlsoap.org/soap/envelope/" xmlns:gen="http://www.isistan.edu.ar/springsoap/gen">\r
   <soapenv:Header/>\r
   <soapenv:Body>\r
      <gen:postCowAlertRequest>\r
         <gen:alert>\r
            <gen:cow_id>1</gen:cow_id>\r
            <gen:bcs_threshold_min>5</gen:bcs_threshold_min>\r
            <gen:bcs_threshold_max>8</gen:bcs_threshold_max>\r
         </gen:alert>\r
      </gen:postCowAlertRequest>\r
   </soapenv:Body>\r
</soapenv:Envelope>]]></con:request><con:credentials><con:authType>No Authorization</con:authType></con:credentials><con:jmsConfig JMSDeliveryMode="PERSISTENT"/><con:jmsPropertyConfig/><con:wsaConfig mustUnderstand="NONE" version="200508" action="http://www.isistan.edu.ar/springsoap/gen/CowsPort/postCowAlertRequest"/><con:wsrmConfig version="1.2"/></con:call></con:operation><con:operation id="dd64f262-f999-48e0-a089-d28e56dc50a4" isOneWay="false" action="" name="postCowBcs" bindingOperationName="postCowBcs" type="One-Way" inputName="postCowBcsRequest" sendsAttachments="false" anonymous="optional"><con:settings/><con:call id="bfbdee49-eda4-4e5f-8431-8714b23f67d3" name="Request 1"><con:settings><con:setting id="com.eviware.soapui.impl.wsdl.WsdlRequest@request-headers">&lt;xml-fragment/></con:setting></con:settings><con:encoding>UTF-8</con:encoding><con:endpoint>http://localhost:8080/ws</con:endpoint><con:request><![CDATA[<soapenv:Envelope xmlns:soapenv="http://schemas.xmlsoap.org/soap/envelope/" xmlns:gen="http://www.isistan.edu.ar/springsoap/gen">\r
   <soapenv:Header/>\r
   <soapenv:Body>\r
      <gen:postCowBcsRequest>\r
         <gen:herd>\r
            <gen:cow_id>2</gen:cow_id>\r
            <gen:cc>8</gen:cc>\r
         </gen:herd>\r
      </gen:postCowBcsRequest>\r
   </soapenv:Body>\r
</soapenv:Envelope>]]></con:request><con:credentials><con:authType>No Authorization</con:authType></con:credentials><con:jmsConfig JMSDeliveryMode="PERSISTENT"/><con:jmsPropertyConfig/><con:wsaConfig mustUnderstand="NONE" version="200508" action="http://www.isistan.edu.ar/springsoap/gen/CowsPort/postCowBcsRequest"/><con:wsrmConfig version="1.2"/></con:call></con:operation><con:operation id="eb951630-6686-488b-937d-7f612ea930bb" isOneWay="false" action="" name="postHerd" bindingOperationName="postHerd" type="One-Way" inputName="postHerdRequest" sendsAttachments="false" anonymous="optional"><con:settings/><con:call id="65f16ddb-85cf-4592-bf1c-b474643febab" name="Request 1"><con:settings><con:setting id="com.eviware.soapui.impl.wsdl.WsdlRequest@request-headers">&lt;xml-fragment/></con:setting></con:settings><con:encoding>UTF-8</con:encoding><con:endpoint>http://localhost:8080/ws</con:endpoint><con:request><![CDATA[<soapenv:Envelope xmlns:soapenv="http://schemas.xmlsoap.org/soap/envelope/" xmlns:gen="http://www.isistan.edu.ar/springsoap/gen">\r
   <soapenv:Header/>\r
   <soapenv:Body>\r
      <gen:postHerdRequest>\r
         <gen:herd>\r
            <gen:location>rodeo 7</gen:location>\r
         </gen:herd>\r
      </gen:postHerdRequest>\r
   </soapenv:Body>\r
</soapenv:Envelope>]]></con:request><con:credentials><con:authType>No Authorization</con:authType></con:credentials><con:jmsConfig JMSDeliveryMode="PERSISTENT"/><con:jmsPropertyConfig/><con:wsaConfig mustUnderstand="NONE" version="200508" action="http://www.isistan.edu.ar/springsoap/gen/CowsPort/postHerdRequest"/><con:wsrmConfig version="1.2"/></con:call></con:operation><con:operation id="1baa59d1-7da8-4252-be26-863946c3f400" isOneWay="false" action="" name="postHerdAlert" bindingOperationName="postHerdAlert" type="One-Way" inputName="postHerdAlertRequest" sendsAttachments="false" anonymous="optional"><con:settings/><con:call id="35e2bd5d-9a16-477c-80f5-18dfdfc36a61" name="Request 1"><con:settings><con:setting id="com.eviware.soapui.impl.wsdl.WsdlRequest@request-headers">&lt;xml-fragment/></con:setting></con:settings><con:encoding>UTF-8</con:encoding><con:endpoint>http://localhost:8080/ws</con:endpoint><con:request><![CDATA[<soapenv:Envelope xmlns:soapenv="http://schemas.xmlsoap.org/soap/envelope/" xmlns:gen="http://www.isistan.edu.ar/springsoap/gen">\r
   <soapenv:Header/>\r
   <soapenv:Body>\r
      <gen:postHerdAlertRequest>\r
         <gen:alert>\r
            <gen:herd_id>1</gen:herd_id>\r
            <gen:bcs_threshold_min>3</gen:bcs_threshold_min>\r
            <gen:bcs_threshold_max>7</gen:bcs_threshold_max>\r
         </gen:alert>\r
      </gen:postHerdAlertRequest>\r
   </soapenv:Body>\r
</soapenv:Envelope>]]></con:request><con:credentials><con:authType>No Authorization</con:authType></con:credentials><con:jmsConfig JMSDeliveryMode="PERSISTENT"/><con:jmsPropertyConfig/><con:wsaConfig mustUnderstand="NONE" version="200508" action="http://www.isistan.edu.ar/springsoap/gen/CowsPort/postHerdAlertRequest"/><con:wsrmConfig version="1.2"/></con:call></con:operation></con:interface><con:properties/><con:wssContainer/><con:oAuth2ProfileContainer/><con:oAuth1ProfileContainer/></con:soapui-project>